{"/home/oxi/projects/viet-vocab/app/api/audio/route.js": {"path":"/home/oxi/projects/viet-vocab/app/api/audio/route.js","statementMap":{"0":{"start":{"line":5,"column":22},"end":{"line":5,"column":26}},"1":{"start":{"line":3,"column":22},"end":{"line":3,"column":null}},"2":{"start":{"line":6,"column":2},"end":{"line":30,"column":null}},"3":{"start":{"line":7,"column":29},"end":{"line":7,"column":null}},"4":{"start":{"line":8,"column":15},"end":{"line":8,"column":null}},"5":{"start":{"line":9,"column":17},"end":{"line":9,"column":43}},"6":{"start":{"line":11,"column":4},"end":{"line":13,"column":null}},"7":{"start":{"line":12,"column":6},"end":{"line":12,"column":null}},"8":{"start":{"line":15,"column":15},"end":{"line":15,"column":null}},"9":{"start":{"line":17,"column":16},"end":{"line":17,"column":null}},"10":{"start":{"line":18,"column":4},"end":{"line":20,"column":null}},"11":{"start":{"line":19,"column":6},"end":{"line":19,"column":null}},"12":{"start":{"line":23,"column":4},"end":{"line":26,"column":null}},"13":{"start":{"line":28,"column":4},"end":{"line":28,"column":null}},"14":{"start":{"line":29,"column":4},"end":{"line":29,"column":null}}},"fnMap":{"0":{"name":"GET","decl":{"start":{"line":5,"column":22},"end":{"line":5,"column":26}},"loc":{"start":{"line":5,"column":29},"end":{"line":31,"column":null}}}},"branchMap":{"0":{"loc":{"start":{"line":11,"column":4},"end":{"line":13,"column":null}},"type":"if","locations":[{"start":{"line":11,"column":4},"end":{"line":13,"column":null}}]},"1":{"loc":{"start":{"line":11,"column":8},"end":{"line":11,"column":22}},"type":"binary-expr","locations":[{"start":{"line":11,"column":8},"end":{"line":11,"column":15}},{"start":{"line":11,"column":15},"end":{"line":11,"column":22}}]},"2":{"loc":{"start":{"line":18,"column":4},"end":{"line":20,"column":null}},"type":"if","locations":[{"start":{"line":18,"column":4},"end":{"line":20,"column":null}}]},"3":{"loc":{"start":{"line":18,"column":8},"end":{"line":18,"column":26}},"type":"binary-expr","locations":[{"start":{"line":18,"column":8},"end":{"line":18,"column":16}},{"start":{"line":18,"column":16},"end":{"line":18,"column":26}}]}},"s":{"0":3,"1":1,"2":3,"3":3,"4":3,"5":3,"6":3,"7":1,"8":2,"9":2,"10":2,"11":1,"12":1,"13":0,"14":0},"f":{"0":3},"b":{"0":[1],"1":[3,2],"2":[1],"3":[2,2]}}
,"/home/oxi/projects/viet-vocab/app/api/auth/[...nextauth]/options.js": {"path":"/home/oxi/projects/viet-vocab/app/api/auth/[...nextauth]/options.js","statementMap":{"0":{"start":{"line":23,"column":9},"end":{"line":23,"column":20}},"1":{"start":{"line":23,"column":25},"end":{"line":23,"column":36}},"2":{"start":{"line":5,"column":13},"end":{"line":5,"column":24}},"3":{"start":{"line":2,"column":27},"end":{"line":2,"column":null}},"4":{"start":{"line":3,"column":28},"end":{"line":3,"column":null}},"5":{"start":{"line":5,"column":27},"end":{"line":18,"column":null}},"6":{"start":{"line":20,"column":17},"end":{"line":20,"column":57}},"7":{"start":{"line":21,"column":16},"end":{"line":21,"column":null}}},"fnMap":{},"branchMap":{"0":{"loc":{"start":{"line":7,"column":4},"end":{"line":10,"column":null}},"type":"cond-expr","locations":[{"start":{"line":7,"column":4},"end":{"line":7,"column":16}},{"start":{"line":10,"column":10},"end":{"line":10,"column":null}}]},"1":{"loc":{"start":{"line":7,"column":4},"end":{"line":7,"column":16}},"type":"binary-expr","locations":[{"start":{"line":7,"column":4},"end":{"line":10,"column":10}},{"start":{"line":7,"column":4},"end":{"line":7,"column":16}}]},"2":{"loc":{"start":{"line":7,"column":4},"end":{"line":10,"column":10}},"type":"cond-expr","locations":[{"start":{"line":7,"column":4},"end":{"line":7,"column":16}},{"start":{"line":7,"column":4},"end":{"line":10,"column":10}}]},"3":{"loc":{"start":{"line":7,"column":4},"end":{"line":7,"column":16}},"type":"binary-expr","locations":[{"start":{"line":7,"column":4},"end":{"line":7,"column":27}},{"start":{"line":7,"column":4},"end":{"line":7,"column":16}}]},"4":{"loc":{"start":{"line":20,"column":17},"end":{"line":20,"column":57}},"type":"cond-expr","locations":[{"start":{"line":20,"column":17},"end":{"line":20,"column":31}},{"start":{"line":20,"column":43},"end":{"line":20,"column":57}}]},"5":{"loc":{"start":{"line":20,"column":17},"end":{"line":20,"column":31}},"type":"binary-expr","locations":[{"start":{"line":20,"column":17},"end":{"line":20,"column":43}},{"start":{"line":20,"column":17},"end":{"line":20,"column":31}}]}},"s":{"0":1,"1":1,"2":4,"3":1,"4":1,"5":1,"6":1,"7":1},"f":{},"b":{"0":[0,1],"1":[1,1],"2":[1,0],"3":[1,1],"4":[0,1],"5":[1,1]}}
,"/home/oxi/projects/viet-vocab/app/api/auth/[...nextauth]/route.js": {"path":"/home/oxi/projects/viet-vocab/app/api/auth/[...nextauth]/route.js","statementMap":{"0":{"start":{"line":2,"column":14},"end":{"line":2,"column":null}}},"fnMap":{},"branchMap":{},"s":{"0":1},"f":{},"b":{}}
,"/home/oxi/projects/viet-vocab/app/api/speech/route.js": {"path":"/home/oxi/projects/viet-vocab/app/api/speech/route.js","statementMap":{"0":{"start":{"line":5,"column":22},"end":{"line":5,"column":27}},"1":{"start":{"line":3,"column":29},"end":{"line":3,"column":null}},"2":{"start":{"line":6,"column":2},"end":{"line":19,"column":null}},"3":{"start":{"line":7,"column":21},"end":{"line":7,"column":null}},"4":{"start":{"line":8,"column":4},"end":{"line":10,"column":null}},"5":{"start":{"line":9,"column":6},"end":{"line":9,"column":null}},"6":{"start":{"line":11,"column":24},"end":{"line":11,"column":null}},"7":{"start":{"line":12,"column":4},"end":{"line":15,"column":null}},"8":{"start":{"line":17,"column":4},"end":{"line":17,"column":null}},"9":{"start":{"line":18,"column":4},"end":{"line":18,"column":null}}},"fnMap":{"0":{"name":"POST","decl":{"start":{"line":5,"column":22},"end":{"line":5,"column":27}},"loc":{"start":{"line":5,"column":30},"end":{"line":20,"column":null}}}},"branchMap":{"0":{"loc":{"start":{"line":8,"column":4},"end":{"line":10,"column":null}},"type":"if","locations":[{"start":{"line":8,"column":4},"end":{"line":10,"column":null}}]}},"s":{"0":2,"1":1,"2":2,"3":2,"4":2,"5":1,"6":1,"7":1,"8":0,"9":0},"f":{"0":2},"b":{"0":[1]}}
,"/home/oxi/projects/viet-vocab/app/api/vocab/route.js": {"path":"/home/oxi/projects/viet-vocab/app/api/vocab/route.js","statementMap":{"0":{"start":{"line":39,"column":22},"end":{"line":39,"column":28}},"1":{"start":{"line":5,"column":22},"end":{"line":5,"column":25}},"2":{"start":{"line":74,"column":22},"end":{"line":74,"column":27}},"3":{"start":{"line":22,"column":22},"end":{"line":22,"column":26}},"4":{"start":{"line":57,"column":22},"end":{"line":57,"column":25}},"5":{"start":{"line":2,"column":81},"end":{"line":2,"column":null}},"6":{"start":{"line":6,"column":2},"end":{"line":18,"column":null}},"7":{"start":{"line":7,"column":29},"end":{"line":7,"column":null}},"8":{"start":{"line":8,"column":19},"end":{"line":8,"column":null}},"9":{"start":{"line":11,"column":19},"end":{"line":11,"column":null}},"10":{"start":{"line":12,"column":18},"end":{"line":12,"column":null}},"11":{"start":{"line":14,"column":4},"end":{"line":14,"column":null}},"12":{"start":{"line":16,"column":4},"end":{"line":16,"column":null}},"13":{"start":{"line":17,"column":4},"end":{"line":17,"column":null}},"14":{"start":{"line":23,"column":2},"end":{"line":35,"column":null}},"15":{"start":{"line":24,"column":67},"end":{"line":24,"column":null}},"16":{"start":{"line":26,"column":4},"end":{"line":28,"column":null}},"17":{"start":{"line":27,"column":6},"end":{"line":27,"column":null}},"18":{"start":{"line":30,"column":19},"end":{"line":30,"column":null}},"19":{"start":{"line":31,"column":4},"end":{"line":31,"column":null}},"20":{"start":{"line":33,"column":4},"end":{"line":33,"column":null}},"21":{"start":{"line":34,"column":4},"end":{"line":34,"column":null}},"22":{"start":{"line":40,"column":2},"end":{"line":53,"column":null}},"23":{"start":{"line":41,"column":29},"end":{"line":41,"column":null}},"24":{"start":{"line":42,"column":15},"end":{"line":42,"column":null}},"25":{"start":{"line":44,"column":4},"end":{"line":46,"column":null}},"26":{"start":{"line":45,"column":6},"end":{"line":45,"column":null}},"27":{"start":{"line":48,"column":4},"end":{"line":48,"column":null}},"28":{"start":{"line":49,"column":4},"end":{"line":49,"column":null}},"29":{"start":{"line":51,"column":4},"end":{"line":51,"column":null}},"30":{"start":{"line":52,"column":4},"end":{"line":52,"column":null}},"31":{"start":{"line":58,"column":2},"end":{"line":70,"column":null}},"32":{"start":{"line":59,"column":26},"end":{"line":59,"column":null}},"33":{"start":{"line":61,"column":4},"end":{"line":63,"column":null}},"34":{"start":{"line":62,"column":6},"end":{"line":62,"column":null}},"35":{"start":{"line":65,"column":4},"end":{"line":65,"column":null}},"36":{"start":{"line":66,"column":4},"end":{"line":66,"column":null}},"37":{"start":{"line":68,"column":4},"end":{"line":68,"column":null}},"38":{"start":{"line":69,"column":4},"end":{"line":69,"column":null}},"39":{"start":{"line":75,"column":2},"end":{"line":89,"column":null}},"40":{"start":{"line":76,"column":71},"end":{"line":76,"column":null}},"41":{"start":{"line":78,"column":4},"end":{"line":78,"column":null}},"42":{"start":{"line":80,"column":4},"end":{"line":82,"column":null}},"43":{"start":{"line":81,"column":6},"end":{"line":81,"column":null}},"44":{"start":{"line":84,"column":4},"end":{"line":84,"column":null}},"45":{"start":{"line":85,"column":4},"end":{"line":85,"column":null}},"46":{"start":{"line":87,"column":4},"end":{"line":87,"column":null}},"47":{"start":{"line":88,"column":4},"end":{"line":88,"column":null}}},"fnMap":{"0":{"name":"GET","decl":{"start":{"line":5,"column":22},"end":{"line":5,"column":25}},"loc":{"start":{"line":5,"column":29},"end":{"line":19,"column":null}}},"1":{"name":"POST","decl":{"start":{"line":22,"column":22},"end":{"line":22,"column":26}},"loc":{"start":{"line":22,"column":30},"end":{"line":36,"column":null}}},"2":{"name":"DELETE","decl":{"start":{"line":39,"column":22},"end":{"line":39,"column":28}},"loc":{"start":{"line":39,"column":32},"end":{"line":54,"column":null}}},"3":{"name":"PUT","decl":{"start":{"line":57,"column":22},"end":{"line":57,"column":25}},"loc":{"start":{"line":57,"column":29},"end":{"line":71,"column":null}}},"4":{"name":"PATCH","decl":{"start":{"line":74,"column":22},"end":{"line":74,"column":27}},"loc":{"start":{"line":74,"column":31},"end":{"line":90,"column":null}}}},"branchMap":{"0":{"loc":{"start":{"line":8,"column":19},"end":{"line":8,"column":null}},"type":"binary-expr","locations":[{"start":{"line":8,"column":19},"end":{"line":8,"column":49}},{"start":{"line":8,"column":49},"end":{"line":8,"column":null}}]},"1":{"loc":{"start":{"line":11,"column":19},"end":{"line":11,"column":null}},"type":"binary-expr","locations":[{"start":{"line":11,"column":19},"end":{"line":11,"column":49}},{"start":{"line":11,"column":49},"end":{"line":11,"column":null}}]},"2":{"loc":{"start":{"line":24,"column":31},"end":{"line":24,"column":47}},"type":"default-arg","locations":[{"start":{"line":24,"column":45},"end":{"line":24,"column":47}}]},"3":{"loc":{"start":{"line":24,"column":49},"end":{"line":24,"column":62}},"type":"default-arg","locations":[{"start":{"line":24,"column":60},"end":{"line":24,"column":62}}]},"4":{"loc":{"start":{"line":26,"column":4},"end":{"line":28,"column":null}},"type":"if","locations":[{"start":{"line":26,"column":4},"end":{"line":28,"column":null}}]},"5":{"loc":{"start":{"line":26,"column":8},"end":{"line":26,"column":31}},"type":"binary-expr","locations":[{"start":{"line":26,"column":8},"end":{"line":26,"column":17}},{"start":{"line":26,"column":17},"end":{"line":26,"column":31}}]},"6":{"loc":{"start":{"line":44,"column":4},"end":{"line":46,"column":null}},"type":"if","locations":[{"start":{"line":44,"column":4},"end":{"line":46,"column":null}}]},"7":{"loc":{"start":{"line":61,"column":4},"end":{"line":63,"column":null}},"type":"if","locations":[{"start":{"line":61,"column":4},"end":{"line":63,"column":null}}]},"8":{"loc":{"start":{"line":61,"column":8},"end":{"line":61,"column":43}},"type":"binary-expr","locations":[{"start":{"line":61,"column":8},"end":{"line":61,"column":15}},{"start":{"line":61,"column":15},"end":{"line":61,"column":43}}]},"9":{"loc":{"start":{"line":76,"column":35},"end":{"line":76,"column":51}},"type":"default-arg","locations":[{"start":{"line":76,"column":49},"end":{"line":76,"column":51}}]},"10":{"loc":{"start":{"line":76,"column":53},"end":{"line":76,"column":66}},"type":"default-arg","locations":[{"start":{"line":76,"column":64},"end":{"line":76,"column":66}}]},"11":{"loc":{"start":{"line":80,"column":4},"end":{"line":82,"column":null}},"type":"if","locations":[{"start":{"line":80,"column":4},"end":{"line":82,"column":null}}]},"12":{"loc":{"start":{"line":80,"column":8},"end":{"line":80,"column":38}},"type":"binary-expr","locations":[{"start":{"line":80,"column":8},"end":{"line":80,"column":15}},{"start":{"line":80,"column":15},"end":{"line":80,"column":24}},{"start":{"line":80,"column":24},"end":{"line":80,"column":38}}]}},"s":{"0":2,"1":2,"2":2,"3":2,"4":2,"5":1,"6":2,"7":2,"8":2,"9":2,"10":2,"11":2,"12":0,"13":0,"14":2,"15":2,"16":2,"17":1,"18":1,"19":1,"20":0,"21":0,"22":2,"23":2,"24":2,"25":2,"26":1,"27":1,"28":1,"29":0,"30":0,"31":2,"32":2,"33":2,"34":1,"35":1,"36":1,"37":0,"38":0,"39":2,"40":2,"41":2,"42":2,"43":1,"44":1,"45":1,"46":0,"47":0},"f":{"0":2,"1":2,"2":2,"3":2,"4":2},"b":{"0":[2,1],"1":[2,1],"2":[2],"3":[2],"4":[1],"5":[2,1],"6":[1],"7":[1],"8":[2,2],"9":[1],"10":[1],"11":[1],"12":[2,2,2]}}
,"/home/oxi/projects/viet-vocab/app/api/vocab/all/route.js": {"path":"/home/oxi/projects/viet-vocab/app/api/vocab/all/route.js","statementMap":{"0":{"start":{"line":6,"column":22},"end":{"line":6,"column":26}},"1":{"start":{"line":4,"column":22},"end":{"line":4,"column":null}},"2":{"start":{"line":7,"column":2},"end":{"line":36,"column":null}},"3":{"start":{"line":8,"column":29},"end":{"line":8,"column":null}},"4":{"start":{"line":9,"column":25},"end":{"line":9,"column":null}},"5":{"start":{"line":11,"column":15},"end":{"line":11,"column":null}},"6":{"start":{"line":13,"column":4},"end":{"line":30,"column":null}},"7":{"start":{"line":15,"column":6},"end":{"line":15,"column":null}},"8":{"start":{"line":18,"column":6},"end":{"line":29,"column":null}},"9":{"start":{"line":32,"column":4},"end":{"line":32,"column":null}},"10":{"start":{"line":34,"column":4},"end":{"line":34,"column":null}},"11":{"start":{"line":35,"column":4},"end":{"line":35,"column":null}}},"fnMap":{"0":{"name":"GET","decl":{"start":{"line":6,"column":22},"end":{"line":6,"column":26}},"loc":{"start":{"line":6,"column":29},"end":{"line":37,"column":null}}}},"branchMap":{"0":{"loc":{"start":{"line":13,"column":4},"end":{"line":30,"column":null}},"type":"if","locations":[{"start":{"line":13,"column":4},"end":{"line":30,"column":null}},{"start":{"line":16,"column":11},"end":{"line":30,"column":null}}]}},"s":{"0":2,"1":1,"2":2,"3":2,"4":2,"5":2,"6":2,"7":1,"8":1,"9":2,"10":0,"11":0},"f":{"0":2},"b":{"0":[1,1]}}
,"/home/oxi/projects/viet-vocab/app/auth/signin/page.js": {"path":"/home/oxi/projects/viet-vocab/app/auth/signin/page.js","statementMap":{"0":{"start":{"line":43,"column":24},"end":{"line":43,"column":null}},"1":{"start":{"line":4,"column":36},"end":{"line":4,"column":null}},"2":{"start":{"line":5,"column":37},"end":{"line":5,"column":null}},"3":{"start":{"line":6,"column":18},"end":{"line":6,"column":null}},"4":{"start":{"line":7,"column":19},"end":{"line":7,"column":null}},"5":{"start":{"line":10,"column":23},"end":{"line":10,"column":null}},"6":{"start":{"line":11,"column":25},"end":{"line":11,"column":null}},"7":{"start":{"line":12,"column":23},"end":{"line":12,"column":null}},"8":{"start":{"line":13,"column":25},"end":{"line":13,"column":null}},"9":{"start":{"line":14,"column":18},"end":{"line":14,"column":null}},"10":{"start":{"line":15,"column":29},"end":{"line":15,"column":null}},"11":{"start":{"line":16,"column":29},"end":{"line":16,"column":null}},"12":{"start":{"line":19,"column":20},"end":{"line":32,"column":null}},"13":{"start":{"line":35,"column":14},"end":{"line":41,"column":null}},"14":{"start":{"line":44,"column":36},"end":{"line":44,"column":null}},"15":{"start":{"line":45,"column":48},"end":{"line":45,"column":null}},"16":{"start":{"line":48,"column":2},"end":{"line":50,"column":null}},"17":{"start":{"line":49,"column":4},"end":{"line":49,"column":null}},"18":{"start":{"line":49,"column":34},"end":{"line":49,"column":null}},"19":{"start":{"line":52,"column":2},"end":{"line":52,"column":null}},"20":{"start":{"line":52,"column":18},"end":{"line":52,"column":null}},"21":{"start":{"line":54,"column":21},"end":{"line":56,"column":null}},"22":{"start":{"line":55,"column":29},"end":{"line":55,"column":null}},"23":{"start":{"line":56,"column":19},"end":{"line":56,"column":null}},"24":{"start":{"line":58,"column":23},"end":{"line":69,"column":null}},"25":{"start":{"line":59,"column":17},"end":{"line":59,"column":null}},"26":{"start":{"line":60,"column":21},"end":{"line":60,"column":34}},"27":{"start":{"line":61,"column":4},"end":{"line":68,"column":null}},"28":{"start":{"line":84,"column":20},"end":{"line":84,"column":null}},"29":{"start":{"line":126,"column":33},"end":{"line":126,"column":null}},"30":{"start":{"line":126,"column":59},"end":{"line":126,"column":null}}},"fnMap":{"0":{"name":"SignInPage","decl":{"start":{"line":43,"column":24},"end":{"line":43,"column":null}},"loc":{"start":{"line":43,"column":24},"end":{"line":188,"column":null}}},"1":{"name":"(anonymous_3)","decl":{"start":{"line":48,"column":12},"end":{"line":48,"column":null}},"loc":{"start":{"line":48,"column":12},"end":{"line":50,"column":5}}},"2":{"name":"(anonymous_4)","decl":{"start":{"line":49,"column":24},"end":{"line":49,"column":25}},"loc":{"start":{"line":49,"column":34},"end":{"line":49,"column":null}}},"3":{"name":"(anonymous_5)","decl":{"start":{"line":55,"column":12},"end":{"line":55,"column":13}},"loc":{"start":{"line":55,"column":29},"end":{"line":55,"column":null}}},"4":{"name":"(anonymous_6)","decl":{"start":{"line":56,"column":9},"end":{"line":56,"column":10}},"loc":{"start":{"line":56,"column":19},"end":{"line":56,"column":null}}},"5":{"name":"(anonymous_7)","decl":{"start":{"line":58,"column":38},"end":{"line":58,"column":39}},"loc":{"start":{"line":58,"column":39},"end":{"line":69,"column":null}}},"6":{"name":"(anonymous_9)","decl":{"start":{"line":83,"column":27},"end":{"line":83,"column":null}},"loc":{"start":{"line":84,"column":20},"end":{"line":84,"column":null}}},"7":{"name":"(anonymous_10)","decl":{"start":{"line":126,"column":27},"end":{"line":126,"column":33}},"loc":{"start":{"line":126,"column":33},"end":{"line":126,"column":null}}},"8":{"name":"(anonymous_11)","decl":{"start":{"line":126,"column":52},"end":{"line":126,"column":53}},"loc":{"start":{"line":126,"column":59},"end":{"line":126,"column":null}}}},"branchMap":{"0":{"loc":{"start":{"line":52,"column":2},"end":{"line":52,"column":null}},"type":"if","locations":[{"start":{"line":52,"column":2},"end":{"line":52,"column":null}}]},"1":{"loc":{"start":{"line":59,"column":17},"end":{"line":59,"column":null}},"type":"binary-expr","locations":[{"start":{"line":59,"column":17},"end":{"line":59,"column":26}},{"start":{"line":59,"column":30},"end":{"line":59,"column":null}}]},"2":{"loc":{"start":{"line":61,"column":11},"end":{"line":68,"column":null}},"type":"cond-expr","locations":[{"start":{"line":62,"column":8},"end":{"line":62,"column":null}},{"start":{"line":63,"column":8},"end":{"line":68,"column":null}}]},"3":{"loc":{"start":{"line":77,"column":11},"end":{"line":77,"column":null}},"type":"binary-expr","locations":[{"start":{"line":77,"column":11},"end":{"line":77,"column":null}}]},"4":{"loc":{"start":{"line":84,"column":48},"end":{"line":84,"column":66}},"type":"binary-expr","locations":[{"start":{"line":84,"column":48},"end":{"line":84,"column":58}},{"start":{"line":84,"column":62},"end":{"line":84,"column":66}}]},"5":{"loc":{"start":{"line":87,"column":19},"end":{"line":87,"column":25}},"type":"binary-expr","locations":[{"start":{"line":87,"column":19},"end":{"line":87,"column":25}}]},"6":{"loc":{"start":{"line":99,"column":15},"end":{"line":99,"column":41}},"type":"binary-expr","locations":[{"start":{"line":99,"column":15},"end":{"line":99,"column":41}}]},"7":{"loc":{"start":{"line":105,"column":11},"end":{"line":105,"column":36}},"type":"binary-expr","locations":[{"start":{"line":105,"column":11},"end":{"line":105,"column":36}}]},"8":{"loc":{"start":{"line":120,"column":24},"end":{"line":120,"column":null}},"type":"cond-expr","locations":[{"start":{"line":120,"column":42},"end":{"line":120,"column":51}},{"start":{"line":120,"column":51},"end":{"line":120,"column":null}}]},"9":{"loc":{"start":{"line":128,"column":20},"end":{"line":128,"column":null}},"type":"cond-expr","locations":[{"start":{"line":128,"column":38},"end":{"line":128,"column":56}},{"start":{"line":128,"column":56},"end":{"line":128,"column":null}}]},"10":{"loc":{"start":{"line":132,"column":25},"end":{"line":132,"column":78}},"type":"cond-expr","locations":[{"start":{"line":132,"column":43},"end":{"line":132,"column":59}},{"start":{"line":132,"column":62},"end":{"line":132,"column":78}}]},"11":{"loc":{"start":{"line":134,"column":22},"end":{"line":136,"column":null}},"type":"cond-expr","locations":[{"start":{"line":135,"column":26},"end":{"line":135,"column":null}},{"start":{"line":136,"column":26},"end":{"line":136,"column":null}}]},"12":{"loc":{"start":{"line":151,"column":15},"end":{"line":151,"column":41}},"type":"binary-expr","locations":[{"start":{"line":151,"column":15},"end":{"line":151,"column":41}}]},"13":{"loc":{"start":{"line":158,"column":13},"end":{"line":158,"column":41}},"type":"binary-expr","locations":[{"start":{"line":158,"column":13},"end":{"line":158,"column":41}}]},"14":{"loc":{"start":{"line":164,"column":13},"end":{"line":164,"column":47}},"type":"binary-expr","locations":[{"start":{"line":164,"column":13},"end":{"line":164,"column":47}}]},"15":{"loc":{"start":{"line":171,"column":11},"end":{"line":171,"column":44}},"type":"binary-expr","locations":[{"start":{"line":171,"column":11},"end":{"line":171,"column":44}}]}},"s":{"0":2,"1":1,"2":1,"3":1,"4":1,"5":1,"6":1,"7":1,"8":1,"9":1,"10":1,"11":1,"12":1,"13":1,"14":4,"15":4,"16":4,"17":2,"18":2,"19":4,"20":2,"21":2,"22":10,"23":2,"24":2,"25":2,"26":2,"27":2,"28":1,"29":0,"30":0},"f":{"0":4,"1":2,"2":2,"3":10,"4":2,"5":2,"6":1,"7":0,"8":0},"b":{"0":[2],"1":[2,0],"2":[2,0],"3":[2],"4":[1,1],"5":[2],"6":[2],"7":[2],"8":[0,0],"9":[0,0],"10":[0,0],"11":[0,0],"12":[0],"13":[2],"14":[2],"15":[2]}}
,"/home/oxi/projects/viet-vocab/app/components/AddVocabForm.js": {"path":"/home/oxi/projects/viet-vocab/app/components/AddVocabForm.js","statementMap":{"0":{"start":{"line":4,"column":24},"end":{"line":4,"column":37}},"1":{"start":{"line":1,"column":25},"end":{"line":1,"column":null}},"2":{"start":{"line":2,"column":46},"end":{"line":2,"column":null}},"3":{"start":{"line":5,"column":48},"end":{"line":5,"column":null}},"4":{"start":{"line":8,"column":4},"end":{"line":11,"column":null}},"5":{"start":{"line":9,"column":6},"end":{"line":9,"column":null}},"6":{"start":{"line":10,"column":6},"end":{"line":10,"column":null}},"7":{"start":{"line":13,"column":4},"end":{"line":13,"column":null}},"8":{"start":{"line":14,"column":4},"end":{"line":14,"column":null}},"9":{"start":{"line":23,"column":25},"end":{"line":23,"column":null}},"10":{"start":{"line":30,"column":25},"end":{"line":30,"column":null}}},"fnMap":{"0":{"name":"AddVocabForm","decl":{"start":{"line":4,"column":24},"end":{"line":4,"column":37}},"loc":{"start":{"line":4,"column":76},"end":{"line":51,"column":null}}},"1":{"name":"onClickAdd","decl":{"start":{"line":7,"column":17},"end":{"line":7,"column":null}},"loc":{"start":{"line":7,"column":17},"end":{"line":15,"column":null}}},"2":{"name":"(anonymous_3)","decl":{"start":{"line":23,"column":18},"end":{"line":23,"column":19}},"loc":{"start":{"line":23,"column":25},"end":{"line":23,"column":null}}},"3":{"name":"(anonymous_4)","decl":{"start":{"line":30,"column":18},"end":{"line":30,"column":19}},"loc":{"start":{"line":30,"column":25},"end":{"line":30,"column":null}}}},"branchMap":{"0":{"loc":{"start":{"line":8,"column":4},"end":{"line":11,"column":null}},"type":"if","locations":[{"start":{"line":8,"column":4},"end":{"line":11,"column":null}}]},"1":{"loc":{"start":{"line":8,"column":8},"end":{"line":8,"column":61}},"type":"binary-expr","locations":[{"start":{"line":8,"column":8},"end":{"line":8,"column":32}},{"start":{"line":8,"column":32},"end":{"line":8,"column":61}}]},"2":{"loc":{"start":{"line":34,"column":7},"end":{"line":34,"column":null}},"type":"binary-expr","locations":[{"start":{"line":34,"column":7},"end":{"line":34,"column":null}}]}},"s":{"0":3,"1":2,"2":2,"3":4,"4":2,"5":1,"6":1,"7":1,"8":1,"9":0,"10":0},"f":{"0":4,"1":2,"2":0,"3":0},"b":{"0":[1],"1":[2,1],"2":[4]}}
,"/home/oxi/projects/viet-vocab/app/components/SearchBar.js": {"path":"/home/oxi/projects/viet-vocab/app/components/SearchBar.js","statementMap":{"0":{"start":{"line":3,"column":24},"end":{"line":3,"column":34}},"1":{"start":{"line":1,"column":26},"end":{"line":1,"column":null}},"2":{"start":{"line":9,"column":23},"end":{"line":9,"column":null}}},"fnMap":{"0":{"name":"SearchBar","decl":{"start":{"line":3,"column":24},"end":{"line":3,"column":34}},"loc":{"start":{"line":3,"column":53},"end":{"line":14,"column":null}}},"1":{"name":"(anonymous_2)","decl":{"start":{"line":9,"column":16},"end":{"line":9,"column":17}},"loc":{"start":{"line":9,"column":23},"end":{"line":9,"column":null}}}},"branchMap":{},"s":{"0":17,"1":2,"2":3},"f":{"0":17,"1":3},"b":{}}
,"/home/oxi/projects/viet-vocab/app/components/VocabCard.js": {"path":"/home/oxi/projects/viet-vocab/app/components/VocabCard.js","statementMap":{"0":{"start":{"line":4,"column":24},"end":{"line":4,"column":34}},"1":{"start":{"line":1,"column":77},"end":{"line":1,"column":null}},"2":{"start":{"line":2,"column":39},"end":{"line":2,"column":null}},"3":{"start":{"line":24,"column":31},"end":{"line":24,"column":null}},"4":{"start":{"line":31,"column":31},"end":{"line":31,"column":null}},"5":{"start":{"line":38,"column":31},"end":{"line":38,"column":null}},"6":{"start":{"line":45,"column":31},"end":{"line":45,"column":null}},"7":{"start":{"line":49,"column":57},"end":{"line":49,"column":83}},"8":{"start":{"line":61,"column":54},"end":{"line":61,"column":null}},"9":{"start":{"line":67,"column":54},"end":{"line":67,"column":null}},"10":{"start":{"line":75,"column":57},"end":{"line":75,"column":null}},"11":{"start":{"line":78,"column":59},"end":{"line":78,"column":null}}},"fnMap":{"0":{"name":"VocabCard","decl":{"start":{"line":4,"column":24},"end":{"line":4,"column":34}},"loc":{"start":{"line":14,"column":1},"end":{"line":87,"column":null}}},"1":{"name":"(anonymous_2)","decl":{"start":{"line":24,"column":24},"end":{"line":24,"column":25}},"loc":{"start":{"line":24,"column":31},"end":{"line":24,"column":null}}},"2":{"name":"(anonymous_3)","decl":{"start":{"line":31,"column":24},"end":{"line":31,"column":25}},"loc":{"start":{"line":31,"column":31},"end":{"line":31,"column":null}}},"3":{"name":"(anonymous_4)","decl":{"start":{"line":38,"column":24},"end":{"line":38,"column":25}},"loc":{"start":{"line":38,"column":31},"end":{"line":38,"column":null}}},"4":{"name":"(anonymous_5)","decl":{"start":{"line":45,"column":24},"end":{"line":45,"column":25}},"loc":{"start":{"line":45,"column":31},"end":{"line":45,"column":null}}},"5":{"name":"(anonymous_6)","decl":{"start":{"line":49,"column":51},"end":{"line":49,"column":57}},"loc":{"start":{"line":49,"column":57},"end":{"line":49,"column":83}}},"6":{"name":"(anonymous_7)","decl":{"start":{"line":61,"column":48},"end":{"line":61,"column":54}},"loc":{"start":{"line":61,"column":54},"end":{"line":61,"column":null}}},"7":{"name":"(anonymous_8)","decl":{"start":{"line":67,"column":48},"end":{"line":67,"column":54}},"loc":{"start":{"line":67,"column":54},"end":{"line":67,"column":null}}},"8":{"name":"(anonymous_9)","decl":{"start":{"line":75,"column":51},"end":{"line":75,"column":57}},"loc":{"start":{"line":75,"column":57},"end":{"line":75,"column":null}}},"9":{"name":"(anonymous_10)","decl":{"start":{"line":78,"column":53},"end":{"line":78,"column":59}},"loc":{"start":{"line":78,"column":59},"end":{"line":78,"column":null}}}},"branchMap":{"0":{"loc":{"start":{"line":19,"column":10},"end":{"line":58,"column":null}},"type":"cond-expr","locations":[{"start":{"line":19,"column":10},"end":{"line":58,"column":null}}]},"1":{"loc":{"start":{"line":72,"column":25},"end":{"line":72,"column":null}},"type":"binary-expr","locations":[{"start":{"line":72,"column":25},"end":{"line":72,"column":39}},{"start":{"line":72,"column":43},"end":{"line":72,"column":null}}]}},"s":{"0":14,"1":3,"2":3,"3":0,"4":0,"5":0,"6":0,"7":1,"8":1,"9":1,"10":1,"11":1},"f":{"0":14,"1":0,"2":0,"3":0,"4":0,"5":1,"6":1,"7":1,"8":1,"9":1},"b":{"0":[1],"1":[13,8]}}
,"/home/oxi/projects/viet-vocab/app/components/VocabClient.js": {"path":"/home/oxi/projects/viet-vocab/app/components/VocabClient.js","statementMap":{"0":{"start":{"line":16,"column":24},"end":{"line":16,"column":null}},"1":{"start":{"line":4,"column":36},"end":{"line":4,"column":null}},"2":{"start":{"line":9,"column":7},"end":{"line":9,"column":null}},"3":{"start":{"line":11,"column":22},"end":{"line":11,"column":null}},"4":{"start":{"line":12,"column":25},"end":{"line":12,"column":null}},"5":{"start":{"line":13,"column":22},"end":{"line":13,"column":null}},"6":{"start":{"line":14,"column":33},"end":{"line":14,"column":null}},"7":{"start":{"line":17,"column":34},"end":{"line":17,"column":null}},"8":{"start":{"line":18,"column":28},"end":{"line":18,"column":null}},"9":{"start":{"line":19,"column":44},"end":{"line":19,"column":null}},"10":{"start":{"line":20,"column":32},"end":{"line":20,"column":null}},"11":{"start":{"line":21,"column":32},"end":{"line":26,"column":null}},"12":{"start":{"line":27,"column":40},"end":{"line":27,"column":null}},"13":{"start":{"line":28,"column":44},"end":{"line":28,"column":null}},"14":{"start":{"line":29,"column":40},"end":{"line":29,"column":null}},"15":{"start":{"line":31,"column":2},"end":{"line":33,"column":null}},"16":{"start":{"line":32,"column":4},"end":{"line":32,"column":null}},"17":{"start":{"line":35,"column":2},"end":{"line":44,"column":null}},"18":{"start":{"line":36,"column":14},"end":{"line":36,"column":null}},"19":{"start":{"line":37,"column":4},"end":{"line":40,"column":null}},"20":{"start":{"line":39,"column":8},"end":{"line":40,"column":null}},"21":{"start":{"line":40,"column":10},"end":{"line":40,"column":null}},"22":{"start":{"line":47,"column":4},"end":{"line":47,"column":null}},"23":{"start":{"line":48,"column":4},"end":{"line":54,"column":null}},"24":{"start":{"line":49,"column":18},"end":{"line":49,"column":null}},"25":{"start":{"line":50,"column":19},"end":{"line":50,"column":null}},"26":{"start":{"line":51,"column":6},"end":{"line":51,"column":null}},"27":{"start":{"line":53,"column":6},"end":{"line":53,"column":null}},"28":{"start":{"line":55,"column":4},"end":{"line":55,"column":null}},"29":{"start":{"line":59,"column":4},"end":{"line":67,"column":null}},"30":{"start":{"line":60,"column":18},"end":{"line":60,"column":null}},"31":{"start":{"line":61,"column":6},"end":{"line":61,"column":null}},"32":{"start":{"line":61,"column":19},"end":{"line":61,"column":null}},"33":{"start":{"line":62,"column":21},"end":{"line":62,"column":null}},"34":{"start":{"line":63,"column":18},"end":{"line":63,"column":null}},"35":{"start":{"line":64,"column":6},"end":{"line":64,"column":null}},"36":{"start":{"line":66,"column":6},"end":{"line":66,"column":null}},"37":{"start":{"line":71,"column":4},"end":{"line":71,"column":null}},"38":{"start":{"line":71,"column":47},"end":{"line":71,"column":null}},"39":{"start":{"line":72,"column":4},"end":{"line":83,"column":null}},"40":{"start":{"line":73,"column":6},"end":{"line":77,"column":null}},"41":{"start":{"line":78,"column":6},"end":{"line":78,"column":null}},"42":{"start":{"line":79,"column":6},"end":{"line":79,"column":null}},"43":{"start":{"line":80,"column":6},"end":{"line":80,"column":null}},"44":{"start":{"line":82,"column":6},"end":{"line":82,"column":null}},"45":{"start":{"line":87,"column":4},"end":{"line":92,"column":null}},"46":{"start":{"line":88,"column":6},"end":{"line":88,"column":null}},"47":{"start":{"line":89,"column":6},"end":{"line":89,"column":null}},"48":{"start":{"line":91,"column":6},"end":{"line":91,"column":null}},"49":{"start":{"line":96,"column":4},"end":{"line":96,"column":null}},"50":{"start":{"line":97,"column":4},"end":{"line":97,"column":null}},"51":{"start":{"line":101,"column":4},"end":{"line":101,"column":null}},"52":{"start":{"line":101,"column":30},"end":{"line":101,"column":null}},"53":{"start":{"line":105,"column":4},"end":{"line":105,"column":null}},"54":{"start":{"line":105,"column":55},"end":{"line":105,"column":null}},"55":{"start":{"line":106,"column":4},"end":{"line":121,"column":null}},"56":{"start":{"line":107,"column":18},"end":{"line":111,"column":null}},"57":{"start":{"line":112,"column":6},"end":{"line":115,"column":null}},"58":{"start":{"line":113,"column":8},"end":{"line":113,"column":null}},"59":{"start":{"line":114,"column":8},"end":{"line":114,"column":null}},"60":{"start":{"line":116,"column":6},"end":{"line":116,"column":null}},"61":{"start":{"line":117,"column":6},"end":{"line":117,"column":null}},"62":{"start":{"line":118,"column":6},"end":{"line":118,"column":null}},"63":{"start":{"line":120,"column":6},"end":{"line":120,"column":null}},"64":{"start":{"line":125,"column":4},"end":{"line":125,"column":null}},"65":{"start":{"line":126,"column":4},"end":{"line":126,"column":null}},"66":{"start":{"line":133,"column":23},"end":{"line":133,"column":null}},"67":{"start":{"line":133,"column":45},"end":{"line":133,"column":null}}},"fnMap":{"0":{"name":"VocabClient","decl":{"start":{"line":16,"column":24},"end":{"line":16,"column":null}},"loc":{"start":{"line":16,"column":24},"end":{"line":166,"column":null}}},"1":{"name":"(anonymous_3)","decl":{"start":{"line":31,"column":12},"end":{"line":31,"column":null}},"loc":{"start":{"line":31,"column":12},"end":{"line":33,"column":5}}},"2":{"name":"(anonymous_4)","decl":{"start":{"line":35,"column":12},"end":{"line":35,"column":null}},"loc":{"start":{"line":35,"column":12},"end":{"line":44,"column":5}}},"3":{"name":"(anonymous_5)","decl":{"start":{"line":38,"column":22},"end":{"line":38,"column":23}},"loc":{"start":{"line":39,"column":8},"end":{"line":40,"column":null}}},"4":{"name":"(anonymous_6)","decl":{"start":{"line":39,"column":64},"end":{"line":39,"column":65}},"loc":{"start":{"line":40,"column":10},"end":{"line":40,"column":null}}},"5":{"name":"fetchAllVocab","decl":{"start":{"line":46,"column":17},"end":{"line":46,"column":null}},"loc":{"start":{"line":46,"column":17},"end":{"line":56,"column":null}}},"6":{"name":"playAudio","decl":{"start":{"line":58,"column":17},"end":{"line":58,"column":27}},"loc":{"start":{"line":58,"column":35},"end":{"line":68,"column":null}}},"7":{"name":"handleAddVocab","decl":{"start":{"line":70,"column":17},"end":{"line":70,"column":null}},"loc":{"start":{"line":70,"column":17},"end":{"line":84,"column":null}}},"8":{"name":"handleDeleteVocab","decl":{"start":{"line":86,"column":17},"end":{"line":86,"column":35}},"loc":{"start":{"line":86,"column":37},"end":{"line":93,"column":null}}},"9":{"name":"startEditing","decl":{"start":{"line":95,"column":11},"end":{"line":95,"column":24}},"loc":{"start":{"line":95,"column":29},"end":{"line":98,"column":null}}},"10":{"name":"handleEditChange","decl":{"start":{"line":100,"column":11},"end":{"line":100,"column":28}},"loc":{"start":{"line":100,"column":40},"end":{"line":102,"column":null}}},"11":{"name":"(anonymous_13)","decl":{"start":{"line":101,"column":19},"end":{"line":101,"column":20}},"loc":{"start":{"line":101,"column":30},"end":{"line":101,"column":null}}},"12":{"name":"handleEditSave","decl":{"start":{"line":104,"column":17},"end":{"line":104,"column":32}},"loc":{"start":{"line":104,"column":34},"end":{"line":122,"column":null}}},"13":{"name":"cancelEditing","decl":{"start":{"line":124,"column":11},"end":{"line":124,"column":null}},"loc":{"start":{"line":124,"column":11},"end":{"line":127,"column":null}}},"14":{"name":"(anonymous_16)","decl":{"start":{"line":133,"column":17},"end":{"line":133,"column":23}},"loc":{"start":{"line":133,"column":23},"end":{"line":133,"column":null}}},"15":{"name":"(anonymous_17)","decl":{"start":{"line":133,"column":38},"end":{"line":133,"column":39}},"loc":{"start":{"line":133,"column":45},"end":{"line":133,"column":null}}}},"branchMap":{"0":{"loc":{"start":{"line":40,"column":28},"end":{"line":40,"column":45}},"type":"binary-expr","locations":[{"start":{"line":40,"column":28},"end":{"line":40,"column":40}},{"start":{"line":40,"column":44},"end":{"line":40,"column":45}}]},"1":{"loc":{"start":{"line":61,"column":6},"end":{"line":61,"column":null}},"type":"if","locations":[{"start":{"line":61,"column":6},"end":{"line":61,"column":null}}]},"2":{"loc":{"start":{"line":71,"column":4},"end":{"line":71,"column":null}},"type":"if","locations":[{"start":{"line":71,"column":4},"end":{"line":71,"column":null}}]},"3":{"loc":{"start":{"line":71,"column":8},"end":{"line":71,"column":45}},"type":"binary-expr","locations":[{"start":{"line":71,"column":8},"end":{"line":71,"column":21}},{"start":{"line":71,"column":25},"end":{"line":71,"column":45}}]},"4":{"loc":{"start":{"line":105,"column":4},"end":{"line":105,"column":null}},"type":"if","locations":[{"start":{"line":105,"column":4},"end":{"line":105,"column":null}}]},"5":{"loc":{"start":{"line":105,"column":8},"end":{"line":105,"column":53}},"type":"binary-expr","locations":[{"start":{"line":105,"column":8},"end":{"line":105,"column":25}},{"start":{"line":105,"column":29},"end":{"line":105,"column":53}}]},"6":{"loc":{"start":{"line":112,"column":6},"end":{"line":115,"column":null}},"type":"if","locations":[{"start":{"line":112,"column":6},"end":{"line":115,"column":null}}]},"7":{"loc":{"start":{"line":137,"column":9},"end":{"line":137,"column":null}},"type":"cond-expr","locations":[{"start":{"line":137,"column":23},"end":{"line":137,"column":33}},{"start":{"line":137,"column":33},"end":{"line":137,"column":null}}]},"8":{"loc":{"start":{"line":140,"column":7},"end":{"line":140,"column":null}},"type":"binary-expr","locations":[{"start":{"line":140,"column":7},"end":{"line":140,"column":null}}]},"9":{"loc":{"start":{"line":150,"column":7},"end":{"line":150,"column":18}},"type":"binary-expr","locations":[{"start":{"line":150,"column":7},"end":{"line":150,"column":18}}]},"10":{"loc":{"start":{"line":151,"column":7},"end":{"line":151,"column":19}},"type":"binary-expr","locations":[{"start":{"line":151,"column":7},"end":{"line":151,"column":19}},{"start":{"line":151,"column":19},"end":{"line":151,"column":49}}]}},"s":{"0":3,"1":1,"2":1,"3":1,"4":1,"5":1,"6":1,"7":16,"8":16,"9":16,"10":16,"11":16,"12":16,"13":16,"14":16,"15":16,"16":3,"17":16,"18":7,"19":7,"20":8,"21":14,"22":3,"23":3,"24":3,"25":3,"26":3,"27":0,"28":3,"29":0,"30":0,"31":0,"32":0,"33":0,"34":0,"35":0,"36":0,"37":0,"38":0,"39":0,"40":0,"41":0,"42":0,"43":0,"44":0,"45":0,"46":0,"47":0,"48":0,"49":0,"50":0,"51":0,"52":0,"53":0,"54":0,"55":0,"56":0,"57":0,"58":0,"59":0,"60":0,"61":0,"62":0,"63":0,"64":0,"65":0,"66":2,"67":2},"f":{"0":16,"1":3,"2":7,"3":8,"4":14,"5":3,"6":0,"7":0,"8":0,"9":0,"10":0,"11":0,"12":0,"13":0,"14":2,"15":2},"b":{"0":[14,0],"1":[0],"2":[0],"3":[0,0],"4":[0],"5":[0,0],"6":[0],"7":[1,15],"8":[16],"9":[16],"10":[16,8]}}
,"/home/oxi/projects/viet-vocab/app/components/VocabList.js": {"path":"/home/oxi/projects/viet-vocab/app/components/VocabList.js","statementMap":{"0":{"start":{"line":3,"column":24},"end":{"line":3,"column":34}},"1":{"start":{"line":1,"column":22},"end":{"line":1,"column":null}}},"fnMap":{"0":{"name":"VocabList","decl":{"start":{"line":3,"column":24},"end":{"line":3,"column":34}},"loc":{"start":{"line":13,"column":1},"end":{"line":32,"column":null}}}},"branchMap":{},"s":{"0":17,"1":2},"f":{"0":17},"b":{}}
,"/home/oxi/projects/viet-vocab/lib/db.js": {"path":"/home/oxi/projects/viet-vocab/lib/db.js","statementMap":{"0":{"start":{"line":14,"column":22},"end":{"line":14,"column":null}},"1":{"start":{"line":3,"column":20},"end":{"line":3,"column":null}},"2":{"start":{"line":4,"column":21},"end":{"line":4,"column":null}},"3":{"start":{"line":5,"column":17},"end":{"line":5,"column":null}},"4":{"start":{"line":8,"column":18},"end":{"line":11,"column":null}},"5":{"start":{"line":15,"column":2},"end":{"line":15,"column":null}}},"fnMap":{"0":{"name":"getDB","decl":{"start":{"line":14,"column":22},"end":{"line":14,"column":null}},"loc":{"start":{"line":14,"column":22},"end":{"line":16,"column":null}}}},"branchMap":{},"s":{"0":4,"1":6,"2":6,"3":6,"4":6,"5":0},"f":{"0":0},"b":{}}
,"/home/oxi/projects/viet-vocab/lib/elevenlabs.js": {"path":"/home/oxi/projects/viet-vocab/lib/elevenlabs.js","statementMap":{"0":{"start":{"line":11,"column":22},"end":{"line":11,"column":35}},"1":{"start":{"line":2,"column":18},"end":{"line":2,"column":null}},"2":{"start":{"line":12,"column":18},"end":{"line":12,"column":48}},"3":{"start":{"line":14,"column":19},"end":{"line":14,"column":null}},"4":{"start":{"line":17,"column":18},"end":{"line":32,"column":null}},"5":{"start":{"line":34,"column":2},"end":{"line":40,"column":null}},"6":{"start":{"line":35,"column":21},"end":{"line":35,"column":null}},"7":{"start":{"line":36,"column":4},"end":{"line":36,"column":null}},"8":{"start":{"line":38,"column":4},"end":{"line":38,"column":null}},"9":{"start":{"line":39,"column":4},"end":{"line":39,"column":null}}},"fnMap":{"0":{"name":"textToSpeech","decl":{"start":{"line":11,"column":22},"end":{"line":11,"column":35}},"loc":{"start":{"line":11,"column":39},"end":{"line":41,"column":null}}}},"branchMap":{"0":{"loc":{"start":{"line":38,"column":50},"end":{"line":38,"column":null}},"type":"binary-expr","locations":[{"start":{"line":38,"column":50},"end":{"line":38,"column":70}},{"start":{"line":38,"column":74},"end":{"line":38,"column":null}}]},"1":{"loc":{"start":{"line":38,"column":50},"end":{"line":38,"column":70}},"type":"cond-expr","locations":[{"start":{"line":38,"column":50},"end":{"line":38,"column":56}},{"start":{"line":38,"column":50},"end":{"line":38,"column":70}}]},"2":{"loc":{"start":{"line":38,"column":50},"end":{"line":38,"column":56}},"type":"binary-expr","locations":[{"start":{"line":38,"column":50},"end":{"line":38,"column":66}},{"start":{"line":38,"column":50},"end":{"line":38,"column":56}}]}},"s":{"0":3,"1":5,"2":2,"3":2,"4":2,"5":2,"6":2,"7":1,"8":1,"9":1},"f":{"0":2},"b":{"0":[1,1],"1":[1,0],"2":[1,1]}}
,"/home/oxi/projects/viet-vocab/lib/gpt.js": {"path":"/home/oxi/projects/viet-vocab/lib/gpt.js","statementMap":{"0":{"start":{"line":20,"column":22},"end":{"line":20,"column":40}},"1":{"start":{"line":3,"column":19},"end":{"line":3,"column":null}},"2":{"start":{"line":4,"column":34},"end":{"line":4,"column":null}},"3":{"start":{"line":5,"column":18},"end":{"line":5,"column":null}},"4":{"start":{"line":6,"column":30},"end":{"line":6,"column":null}},"5":{"start":{"line":9,"column":14},"end":{"line":9,"column":null}},"6":{"start":{"line":12,"column":30},"end":{"line":17,"column":null}},"7":{"start":{"line":21,"column":2},"end":{"line":24,"column":null}},"8":{"start":{"line":22,"column":4},"end":{"line":22,"column":null}},"9":{"start":{"line":23,"column":4},"end":{"line":23,"column":null}},"10":{"start":{"line":27,"column":17},"end":{"line":27,"column":null}},"11":{"start":{"line":28,"column":16},"end":{"line":28,"column":null}},"12":{"start":{"line":30,"column":2},"end":{"line":102,"column":null}},"13":{"start":{"line":31,"column":4},"end":{"line":31,"column":null}},"14":{"start":{"line":31,"column":15},"end":{"line":31,"column":null}},"15":{"start":{"line":32,"column":31},"end":{"line":32,"column":null}},"16":{"start":{"line":35,"column":24},"end":{"line":43,"column":null}},"17":{"start":{"line":45,"column":26},"end":{"line":45,"column":null}},"18":{"start":{"line":48,"column":21},"end":{"line":74,"column":null}},"19":{"start":{"line":76,"column":4},"end":{"line":76,"column":null}},"20":{"start":{"line":76,"column":15},"end":{"line":76,"column":null}},"21":{"start":{"line":77,"column":23},"end":{"line":81,"column":null}},"22":{"start":{"line":83,"column":4},"end":{"line":83,"column":null}},"23":{"start":{"line":83,"column":15},"end":{"line":83,"column":null}},"24":{"start":{"line":86,"column":10},"end":{"line":86,"column":64}},"25":{"start":{"line":87,"column":4},"end":{"line":87,"column":null}},"26":{"start":{"line":87,"column":15},"end":{"line":87,"column":null}},"27":{"start":{"line":89,"column":4},"end":{"line":92,"column":null}},"28":{"start":{"line":90,"column":6},"end":{"line":90,"column":null}},"29":{"start":{"line":91,"column":6},"end":{"line":91,"column":59}},"30":{"start":{"line":95,"column":27},"end":{"line":95,"column":null}},"31":{"start":{"line":96,"column":4},"end":{"line":96,"column":null}},"32":{"start":{"line":96,"column":15},"end":{"line":96,"column":null}},"33":{"start":{"line":98,"column":4},"end":{"line":98,"column":null}},"34":{"start":{"line":100,"column":4},"end":{"line":100,"column":null}},"35":{"start":{"line":101,"column":4},"end":{"line":101,"column":57}}},"fnMap":{"0":{"name":"correctVocabEntry","decl":{"start":{"line":20,"column":22},"end":{"line":20,"column":40}},"loc":{"start":{"line":20,"column":90},"end":{"line":103,"column":null}}}},"branchMap":{"0":{"loc":{"start":{"line":20,"column":59},"end":{"line":20,"column":75}},"type":"default-arg","locations":[{"start":{"line":20,"column":73},"end":{"line":20,"column":75}}]},"1":{"loc":{"start":{"line":20,"column":77},"end":{"line":20,"column":90}},"type":"default-arg","locations":[{"start":{"line":20,"column":88},"end":{"line":20,"column":90}}]},"2":{"loc":{"start":{"line":21,"column":2},"end":{"line":24,"column":null}},"type":"if","locations":[{"start":{"line":21,"column":2},"end":{"line":24,"column":null}}]},"3":{"loc":{"start":{"line":31,"column":4},"end":{"line":31,"column":null}},"type":"if","locations":[{"start":{"line":31,"column":4},"end":{"line":31,"column":null}}]},"4":{"loc":{"start":{"line":76,"column":4},"end":{"line":76,"column":null}},"type":"if","locations":[{"start":{"line":76,"column":4},"end":{"line":76,"column":null}}]},"5":{"loc":{"start":{"line":83,"column":4},"end":{"line":83,"column":null}},"type":"if","locations":[{"start":{"line":83,"column":4},"end":{"line":83,"column":null}}]},"6":{"loc":{"start":{"line":86,"column":10},"end":{"line":86,"column":64}},"type":"cond-expr","locations":[{"start":{"line":86,"column":23},"end":{"line":86,"column":34}},{"start":{"line":86,"column":23},"end":{"line":86,"column":64}}]},"7":{"loc":{"start":{"line":86,"column":10},"end":{"line":86,"column":34}},"type":"binary-expr","locations":[{"start":{"line":86,"column":10},"end":{"line":86,"column":43}},{"start":{"line":86,"column":23},"end":{"line":86,"column":34}}]},"8":{"loc":{"start":{"line":86,"column":23},"end":{"line":86,"column":34}},"type":"binary-expr","locations":[{"start":{"line":86,"column":23},"end":{"line":86,"column":48}},{"start":{"line":86,"column":23},"end":{"line":86,"column":34}}]},"9":{"loc":{"start":{"line":86,"column":23},"end":{"line":86,"column":34}},"type":"binary-expr","locations":[{"start":{"line":86,"column":23},"end":{"line":86,"column":57}},{"start":{"line":86,"column":23},"end":{"line":86,"column":34}}]},"10":{"loc":{"start":{"line":87,"column":4},"end":{"line":87,"column":null}},"type":"if","locations":[{"start":{"line":87,"column":4},"end":{"line":87,"column":null}}]},"11":{"loc":{"start":{"line":89,"column":4},"end":{"line":92,"column":null}},"type":"if","locations":[{"start":{"line":89,"column":4},"end":{"line":92,"column":null}}]},"12":{"loc":{"start":{"line":96,"column":4},"end":{"line":96,"column":null}},"type":"if","locations":[{"start":{"line":96,"column":4},"end":{"line":96,"column":null}}]},"13":{"loc":{"start":{"line":98,"column":11},"end":{"line":98,"column":null}},"type":"binary-expr","locations":[{"start":{"line":98,"column":11},"end":{"line":98,"column":29}},{"start":{"line":98,"column":29},"end":{"line":98,"column":null}}]}},"s":{"0":2,"1":4,"2":4,"3":4,"4":4,"5":4,"6":4,"7":1,"8":1,"9":1,"10":0,"11":0,"12":0,"13":0,"14":0,"15":0,"16":0,"17":0,"18":0,"19":0,"20":0,"21":0,"22":0,"23":0,"24":0,"25":0,"26":0,"27":0,"28":0,"29":0,"30":0,"31":0,"32":0,"33":0,"34":0,"35":0},"f":{"0":1},"b":{"0":[0],"1":[0],"2":[1],"3":[0],"4":[0],"5":[0],"6":[0,0],"7":[0,0],"8":[0,0],"9":[0,0],"10":[0],"11":[0],"12":[0],"13":[0,0]}}
,"/home/oxi/projects/viet-vocab/lib/useVocabSearch.js": {"path":"/home/oxi/projects/viet-vocab/lib/useVocabSearch.js","statementMap":{"0":{"start":{"line":5,"column":16},"end":{"line":5,"column":null}},"1":{"start":{"line":2,"column":45},"end":{"line":2,"column":null}},"2":{"start":{"line":3,"column":33},"end":{"line":3,"column":null}},"3":{"start":{"line":6,"column":34},"end":{"line":6,"column":null}},"4":{"start":{"line":7,"column":28},"end":{"line":7,"column":null}},"5":{"start":{"line":8,"column":32},"end":{"line":8,"column":null}},"6":{"start":{"line":10,"column":2},"end":{"line":23,"column":null}},"7":{"start":{"line":11,"column":23},"end":{"line":21,"column":null}},"8":{"start":{"line":12,"column":6},"end":{"line":12,"column":null}},"9":{"start":{"line":13,"column":6},"end":{"line":19,"column":null}},"10":{"start":{"line":14,"column":20},"end":{"line":14,"column":null}},"11":{"start":{"line":15,"column":21},"end":{"line":15,"column":null}},"12":{"start":{"line":16,"column":8},"end":{"line":16,"column":null}},"13":{"start":{"line":18,"column":8},"end":{"line":18,"column":null}},"14":{"start":{"line":20,"column":6},"end":{"line":20,"column":null}},"15":{"start":{"line":22,"column":4},"end":{"line":22,"column":null}},"16":{"start":{"line":25,"column":19},"end":{"line":35,"column":null}},"17":{"start":{"line":26,"column":4},"end":{"line":26,"column":null}},"18":{"start":{"line":26,"column":23},"end":{"line":26,"column":null}},"19":{"start":{"line":28,"column":14},"end":{"line":28,"column":null}},"20":{"start":{"line":30,"column":4},"end":{"line":33,"column":null}},"21":{"start":{"line":31,"column":6},"end":{"line":33,"column":null}},"22":{"start":{"line":33,"column":23},"end":{"line":33,"column":null}},"23":{"start":{"line":37,"column":2},"end":{"line":37,"column":null}}},"fnMap":{"0":{"name":"useVocabSearch","decl":{"start":{"line":5,"column":16},"end":{"line":5,"column":null}},"loc":{"start":{"line":5,"column":16},"end":{"line":38,"column":null}}},"1":{"name":"(anonymous_2)","decl":{"start":{"line":10,"column":12},"end":{"line":10,"column":null}},"loc":{"start":{"line":10,"column":12},"end":{"line":23,"column":5}}},"2":{"name":"(anonymous_3)","decl":{"start":{"line":11,"column":23},"end":{"line":11,"column":null}},"loc":{"start":{"line":11,"column":23},"end":{"line":21,"column":null}}},"3":{"name":"(anonymous_4)","decl":{"start":{"line":25,"column":27},"end":{"line":25,"column":null}},"loc":{"start":{"line":25,"column":27},"end":{"line":35,"column":5}}},"4":{"name":"(anonymous_5)","decl":{"start":{"line":30,"column":27},"end":{"line":30,"column":28}},"loc":{"start":{"line":31,"column":6},"end":{"line":33,"column":null}}},"5":{"name":"(anonymous_6)","decl":{"start":{"line":33,"column":14},"end":{"line":33,"column":23}},"loc":{"start":{"line":33,"column":23},"end":{"line":33,"column":null}}}},"branchMap":{"0":{"loc":{"start":{"line":16,"column":20},"end":{"line":16,"column":30}},"type":"binary-expr","locations":[{"start":{"line":16,"column":20},"end":{"line":16,"column":28}},{"start":{"line":16,"column":28},"end":{"line":16,"column":30}}]},"1":{"loc":{"start":{"line":26,"column":4},"end":{"line":26,"column":null}},"type":"if","locations":[{"start":{"line":26,"column":4},"end":{"line":26,"column":null}}]}},"s":{"0":3,"1":1,"2":1,"3":3,"4":3,"5":3,"6":3,"7":1,"8":1,"9":1,"10":1,"11":1,"12":1,"13":0,"14":1,"15":1,"16":3,"17":3,"18":2,"19":1,"20":1,"21":2,"22":3,"23":3},"f":{"0":3,"1":1,"2":1,"3":3,"4":2,"5":3},"b":{"0":[1,0],"1":[2]}}
,"/home/oxi/projects/viet-vocab/lib/utils.js": {"path":"/home/oxi/projects/viet-vocab/lib/utils.js","statementMap":{"0":{"start":{"line":2,"column":16},"end":{"line":2,"column":33}},"1":{"start":{"line":3,"column":4},"end":{"line":7,"column":null}}},"fnMap":{"0":{"name":"removeDiacritics","decl":{"start":{"line":2,"column":16},"end":{"line":2,"column":33}},"loc":{"start":{"line":2,"column":36},"end":{"line":8,"column":null}}}},"branchMap":{},"s":{"0":26,"1":27},"f":{"0":27},"b":{}}
,"/home/oxi/projects/viet-vocab/lib/vocab.js": {"path":"/home/oxi/projects/viet-vocab/lib/vocab.js","statementMap":{"0":{"start":{"line":30,"column":22},"end":{"line":30,"column":30}},"1":{"start":{"line":119,"column":22},"end":{"line":119,"column":33}},"2":{"start":{"line":90,"column":22},"end":{"line":90,"column":31}},"3":{"start":{"line":13,"column":22},"end":{"line":13,"column":33}},"4":{"start":{"line":137,"column":22},"end":{"line":137,"column":35}},"5":{"start":{"line":126,"column":22},"end":{"line":126,"column":39}},"6":{"start":{"line":3,"column":22},"end":{"line":3,"column":null}},"7":{"start":{"line":4,"column":34},"end":{"line":4,"column":null}},"8":{"start":{"line":5,"column":29},"end":{"line":5,"column":null}},"9":{"start":{"line":9,"column":2},"end":{"line":9,"column":null}},"10":{"start":{"line":14,"column":13},"end":{"line":14,"column":null}},"11":{"start":{"line":15,"column":14},"end":{"line":15,"column":35}},"12":{"start":{"line":16,"column":17},"end":{"line":16,"column":19}},"13":{"start":{"line":18,"column":2},"end":{"line":22,"column":null}},"14":{"start":{"line":19,"column":4},"end":{"line":19,"column":null}},"15":{"start":{"line":20,"column":23},"end":{"line":20,"column":36}},"16":{"start":{"line":21,"column":4},"end":{"line":21,"column":null}},"17":{"start":{"line":24,"column":2},"end":{"line":24,"column":null}},"18":{"start":{"line":25,"column":2},"end":{"line":25,"column":null}},"19":{"start":{"line":31,"column":2},"end":{"line":31,"column":null}},"20":{"start":{"line":31,"column":29},"end":{"line":31,"column":null}},"21":{"start":{"line":33,"column":13},"end":{"line":33,"column":null}},"22":{"start":{"line":36,"column":17},"end":{"line":38,"column":null}},"23":{"start":{"line":40,"column":17},"end":{"line":40,"column":30}},"24":{"start":{"line":44,"column":2},"end":{"line":50,"column":null}},"25":{"start":{"line":45,"column":4},"end":{"line":45,"column":null}},"26":{"start":{"line":47,"column":4},"end":{"line":47,"column":null}},"27":{"start":{"line":49,"column":4},"end":{"line":49,"column":null}},"28":{"start":{"line":53,"column":2},"end":{"line":63,"column":null}},"29":{"start":{"line":59,"column":4},"end":{"line":61,"column":null}},"30":{"start":{"line":66,"column":18},"end":{"line":66,"column":null}},"31":{"start":{"line":67,"column":25},"end":{"line":67,"column":null}},"32":{"start":{"line":68,"column":2},"end":{"line":78,"column":null}},"33":{"start":{"line":70,"column":4},"end":{"line":70,"column":null}},"34":{"start":{"line":72,"column":4},"end":{"line":74,"column":null}},"35":{"start":{"line":73,"column":6},"end":{"line":73,"column":null}},"36":{"start":{"line":76,"column":4},"end":{"line":76,"column":null}},"37":{"start":{"line":81,"column":2},"end":{"line":83,"column":null}},"38":{"start":{"line":86,"column":2},"end":{"line":86,"column":null}},"39":{"start":{"line":91,"column":2},"end":{"line":91,"column":null}},"40":{"start":{"line":91,"column":36},"end":{"line":91,"column":null}},"41":{"start":{"line":93,"column":13},"end":{"line":93,"column":null}},"42":{"start":{"line":96,"column":24},"end":{"line":96,"column":null}},"43":{"start":{"line":97,"column":2},"end":{"line":97,"column":null}},"44":{"start":{"line":97,"column":22},"end":{"line":97,"column":null}},"45":{"start":{"line":99,"column":2},"end":{"line":99,"column":null}},"46":{"start":{"line":102,"column":17},"end":{"line":104,"column":null}},"47":{"start":{"line":107,"column":2},"end":{"line":107,"column":null}},"48":{"start":{"line":109,"column":2},"end":{"line":113,"column":null}},"49":{"start":{"line":110,"column":4},"end":{"line":110,"column":null}},"50":{"start":{"line":112,"column":4},"end":{"line":112,"column":null}},"51":{"start":{"line":115,"column":2},"end":{"line":115,"column":null}},"52":{"start":{"line":120,"column":13},"end":{"line":120,"column":null}},"53":{"start":{"line":121,"column":17},"end":{"line":121,"column":null}},"54":{"start":{"line":122,"column":2},"end":{"line":122,"column":null}},"55":{"start":{"line":127,"column":2},"end":{"line":129,"column":null}},"56":{"start":{"line":128,"column":4},"end":{"line":128,"column":null}},"57":{"start":{"line":131,"column":13},"end":{"line":131,"column":null}},"58":{"start":{"line":132,"column":17},"end":{"line":132,"column":null}},"59":{"start":{"line":133,"column":2},"end":{"line":133,"column":null}},"60":{"start":{"line":138,"column":13},"end":{"line":138,"column":null}},"61":{"start":{"line":139,"column":17},"end":{"line":139,"column":null}},"62":{"start":{"line":140,"column":2},"end":{"line":140,"column":null}},"63":{"start":{"line":140,"column":27},"end":{"line":140,"column":39}}},"fnMap":{"0":{"name":"formatDBResult","decl":{"start":{"line":8,"column":9},"end":{"line":8,"column":24}},"loc":{"start":{"line":8,"column":30},"end":{"line":10,"column":null}}},"1":{"name":"getAllVocab","decl":{"start":{"line":13,"column":22},"end":{"line":13,"column":33}},"loc":{"start":{"line":13,"column":73},"end":{"line":26,"column":null}}},"2":{"name":"addVocab","decl":{"start":{"line":30,"column":22},"end":{"line":30,"column":30}},"loc":{"start":{"line":30,"column":81},"end":{"line":87,"column":null}}},"3":{"name":"editVocab","decl":{"start":{"line":90,"column":22},"end":{"line":90,"column":31}},"loc":{"start":{"line":90,"column":86},"end":{"line":116,"column":null}}},"4":{"name":"deleteVocab","decl":{"start":{"line":119,"column":22},"end":{"line":119,"column":33}},"loc":{"start":{"line":119,"column":36},"end":{"line":123,"column":null}}},"5":{"name":"updateFamiliarity","decl":{"start":{"line":126,"column":22},"end":{"line":126,"column":39}},"loc":{"start":{"line":126,"column":49},"end":{"line":134,"column":null}}},"6":{"name":"getCategories","decl":{"start":{"line":137,"column":22},"end":{"line":137,"column":35}},"loc":{"start":{"line":137,"column":22},"end":{"line":141,"column":null}}},"7":{"name":"(anonymous_14)","decl":{"start":{"line":140,"column":20},"end":{"line":140,"column":27}},"loc":{"start":{"line":140,"column":27},"end":{"line":140,"column":39}}}},"branchMap":{"0":{"loc":{"start":{"line":9,"column":20},"end":{"line":9,"column":41}},"type":"binary-expr","locations":[{"start":{"line":9,"column":20},"end":{"line":9,"column":34}},{"start":{"line":9,"column":38},"end":{"line":9,"column":41}}]},"1":{"loc":{"start":{"line":9,"column":49},"end":{"line":9,"column":72}},"type":"binary-expr","locations":[{"start":{"line":9,"column":49},"end":{"line":9,"column":62}},{"start":{"line":9,"column":66},"end":{"line":9,"column":72}}]},"2":{"loc":{"start":{"line":9,"column":81},"end":{"line":9,"column":118}},"type":"binary-expr","locations":[{"start":{"line":9,"column":81},"end":{"line":9,"column":103}},{"start":{"line":9,"column":103},"end":{"line":9,"column":118}}]},"3":{"loc":{"start":{"line":13,"column":36},"end":{"line":13,"column":56}},"type":"default-arg","locations":[{"start":{"line":13,"column":45},"end":{"line":13,"column":56}}]},"4":{"loc":{"start":{"line":13,"column":58},"end":{"line":13,"column":71}},"type":"default-arg","locations":[{"start":{"line":13,"column":67},"end":{"line":13,"column":71}}]},"5":{"loc":{"start":{"line":18,"column":2},"end":{"line":22,"column":null}},"type":"if","locations":[{"start":{"line":18,"column":2},"end":{"line":22,"column":null}}]},"6":{"loc":{"start":{"line":30,"column":50},"end":{"line":30,"column":66}},"type":"default-arg","locations":[{"start":{"line":30,"column":64},"end":{"line":30,"column":66}}]},"7":{"loc":{"start":{"line":30,"column":68},"end":{"line":30,"column":81}},"type":"default-arg","locations":[{"start":{"line":30,"column":79},"end":{"line":30,"column":81}}]},"8":{"loc":{"start":{"line":31,"column":2},"end":{"line":31,"column":null}},"type":"if","locations":[{"start":{"line":31,"column":2},"end":{"line":31,"column":null}}]},"9":{"loc":{"start":{"line":31,"column":6},"end":{"line":31,"column":29}},"type":"binary-expr","locations":[{"start":{"line":31,"column":6},"end":{"line":31,"column":15}},{"start":{"line":31,"column":15},"end":{"line":31,"column":29}}]},"10":{"loc":{"start":{"line":53,"column":2},"end":{"line":63,"column":null}},"type":"if","locations":[{"start":{"line":53,"column":2},"end":{"line":63,"column":null}}]},"11":{"loc":{"start":{"line":54,"column":4},"end":{"line":57,"column":null}},"type":"binary-expr","locations":[{"start":{"line":54,"column":4},"end":{"line":54,"column":null}},{"start":{"line":55,"column":4},"end":{"line":55,"column":null}},{"start":{"line":56,"column":4},"end":{"line":56,"column":null}},{"start":{"line":57,"column":4},"end":{"line":57,"column":null}}]},"12":{"loc":{"start":{"line":72,"column":4},"end":{"line":74,"column":null}},"type":"if","locations":[{"start":{"line":72,"column":4},"end":{"line":74,"column":null}}]},"13":{"loc":{"start":{"line":72,"column":8},"end":{"line":72,"column":80}},"type":"binary-expr","locations":[{"start":{"line":72,"column":8},"end":{"line":72,"column":34}},{"start":{"line":72,"column":38},"end":{"line":72,"column":80}}]},"14":{"loc":{"start":{"line":90,"column":55},"end":{"line":90,"column":71}},"type":"default-arg","locations":[{"start":{"line":90,"column":69},"end":{"line":90,"column":71}}]},"15":{"loc":{"start":{"line":90,"column":73},"end":{"line":90,"column":86}},"type":"default-arg","locations":[{"start":{"line":90,"column":84},"end":{"line":90,"column":86}}]},"16":{"loc":{"start":{"line":91,"column":2},"end":{"line":91,"column":null}},"type":"if","locations":[{"start":{"line":91,"column":2},"end":{"line":91,"column":null}}]},"17":{"loc":{"start":{"line":91,"column":6},"end":{"line":91,"column":36}},"type":"binary-expr","locations":[{"start":{"line":91,"column":6},"end":{"line":91,"column":13}},{"start":{"line":91,"column":13},"end":{"line":91,"column":22}},{"start":{"line":91,"column":22},"end":{"line":91,"column":36}}]},"18":{"loc":{"start":{"line":97,"column":2},"end":{"line":97,"column":null}},"type":"if","locations":[{"start":{"line":97,"column":2},"end":{"line":97,"column":null}}]},"19":{"loc":{"start":{"line":109,"column":2},"end":{"line":113,"column":null}},"type":"if","locations":[{"start":{"line":109,"column":2},"end":{"line":113,"column":null}},{"start":{"line":111,"column":9},"end":{"line":113,"column":null}}]},"20":{"loc":{"start":{"line":127,"column":2},"end":{"line":129,"column":null}},"type":"if","locations":[{"start":{"line":127,"column":2},"end":{"line":129,"column":null}}]}},"s":{"0":3,"1":2,"2":2,"3":3,"4":2,"5":2,"6":5,"7":5,"8":5,"9":3,"10":2,"11":2,"12":2,"13":2,"14":1,"15":1,"16":1,"17":2,"18":2,"19":2,"20":1,"21":1,"22":1,"23":1,"24":1,"25":1,"26":0,"27":0,"28":1,"29":0,"30":1,"31":1,"32":1,"33":1,"34":1,"35":0,"36":0,"37":1,"38":1,"39":1,"40":0,"41":1,"42":1,"43":1,"44":0,"45":1,"46":1,"47":1,"48":1,"49":0,"50":1,"51":1,"52":1,"53":1,"54":1,"55":1,"56":0,"57":1,"58":1,"59":1,"60":1,"61":1,"62":1,"63":3},"f":{"0":3,"1":2,"2":2,"3":1,"4":1,"5":1,"6":1,"7":3},"b":{"0":[3,0],"1":[3,3],"2":[3,0],"3":[0],"4":[0],"5":[1],"6":[1],"7":[1],"8":[1],"9":[2,1],"10":[0],"11":[1,1,1,1],"12":[0],"13":[1,0],"14":[0],"15":[0],"16":[0],"17":[1,1,1],"18":[0],"19":[0,1],"20":[0]}}
}
