TN:
SF:app/api/audio/route.js
FN:5,GET
FNF:1
FNH:1
FNDA:3,GET
DA:3,1
DA:5,3
DA:6,3
DA:7,3
DA:8,3
DA:9,3
DA:11,3
DA:12,1
DA:15,2
DA:17,2
DA:18,2
DA:19,1
DA:23,1
DA:28,0
DA:29,0
LF:15
LH:13
BRDA:11,0,0,1
BRDA:11,1,0,3
BRDA:11,1,1,2
BRDA:18,2,0,1
BRDA:18,3,0,2
BRDA:18,3,1,2
BRF:6
BRH:6
end_of_record
TN:
SF:app/api/auth/[...nextauth]/options.js
FNF:0
FNH:0
DA:2,1
DA:3,1
DA:5,4
DA:20,1
DA:21,1
DA:23,1
LF:6
LH:6
BRDA:7,0,0,0
BRDA:7,0,1,1
BRDA:7,1,0,1
BRDA:7,1,1,1
BRDA:7,2,0,1
BRDA:7,2,1,0
BRDA:7,3,0,1
BRDA:7,3,1,1
BRDA:20,4,0,0
BRDA:20,4,1,1
BRDA:20,5,0,1
BRDA:20,5,1,1
BRF:12
BRH:9
end_of_record
TN:
SF:app/api/auth/[...nextauth]/route.js
FNF:0
FNH:0
DA:2,1
LF:1
LH:1
BRF:0
BRH:0
end_of_record
TN:
SF:app/api/speech/route.js
FN:5,POST
FNF:1
FNH:1
FNDA:2,POST
DA:3,1
DA:5,2
DA:6,2
DA:7,2
DA:8,2
DA:9,1
DA:11,1
DA:12,1
DA:17,0
DA:18,0
LF:10
LH:8
BRDA:8,0,0,1
BRF:1
BRH:1
end_of_record
TN:
SF:app/api/vocab/route.js
FN:5,GET
FN:22,POST
FN:39,DELETE
FN:57,PUT
FN:74,PATCH
FNF:5
FNH:5
FNDA:2,GET
FNDA:2,POST
FNDA:2,DELETE
FNDA:2,PUT
FNDA:2,PATCH
DA:2,1
DA:5,2
DA:6,2
DA:7,2
DA:8,2
DA:11,2
DA:12,2
DA:14,2
DA:16,0
DA:17,0
DA:22,2
DA:23,2
DA:24,2
DA:26,2
DA:27,1
DA:30,1
DA:31,1
DA:33,0
DA:34,0
DA:39,2
DA:40,2
DA:41,2
DA:42,2
DA:44,2
DA:45,1
DA:48,1
DA:49,1
DA:51,0
DA:52,0
DA:57,2
DA:58,2
DA:59,2
DA:61,2
DA:62,1
DA:65,1
DA:66,1
DA:68,0
DA:69,0
DA:74,2
DA:75,2
DA:76,2
DA:78,2
DA:80,2
DA:81,1
DA:84,1
DA:85,1
DA:87,0
DA:88,0
LF:48
LH:38
BRDA:8,0,0,2
BRDA:8,0,1,1
BRDA:11,1,0,2
BRDA:11,1,1,1
BRDA:24,2,0,2
BRDA:24,3,0,2
BRDA:26,4,0,1
BRDA:26,5,0,2
BRDA:26,5,1,1
BRDA:44,6,0,1
BRDA:61,7,0,1
BRDA:61,8,0,2
BRDA:61,8,1,2
BRDA:76,9,0,1
BRDA:76,10,0,1
BRDA:80,11,0,1
BRDA:80,12,0,2
BRDA:80,12,1,2
BRDA:80,12,2,2
BRF:19
BRH:19
end_of_record
TN:
SF:app/api/vocab/all/route.js
FN:6,GET
FNF:1
FNH:1
FNDA:2,GET
DA:4,1
DA:6,2
DA:7,2
DA:8,2
DA:9,2
DA:11,2
DA:13,2
DA:15,1
DA:18,1
DA:32,2
DA:34,0
DA:35,0
LF:12
LH:10
BRDA:13,0,0,1
BRDA:13,0,1,1
BRF:2
BRH:2
end_of_record
TN:
SF:app/auth/signin/page.js
FN:43,SignInPage
FN:48,(anonymous_3)
FN:49,(anonymous_4)
FN:55,(anonymous_5)
FN:56,(anonymous_6)
FN:58,(anonymous_7)
FN:83,(anonymous_9)
FN:126,(anonymous_10)
FN:126,(anonymous_11)
FNF:9
FNH:7
FNDA:4,SignInPage
FNDA:2,(anonymous_3)
FNDA:2,(anonymous_4)
FNDA:10,(anonymous_5)
FNDA:2,(anonymous_6)
FNDA:2,(anonymous_7)
FNDA:1,(anonymous_9)
FNDA:0,(anonymous_10)
FNDA:0,(anonymous_11)
DA:4,1
DA:5,1
DA:6,1
DA:7,1
DA:10,1
DA:11,1
DA:12,1
DA:13,1
DA:14,1
DA:15,1
DA:16,1
DA:19,1
DA:35,1
DA:43,2
DA:44,4
DA:45,4
DA:48,4
DA:49,2
DA:52,4
DA:54,2
DA:55,10
DA:56,2
DA:58,2
DA:59,2
DA:60,2
DA:61,2
DA:84,1
DA:126,0
LF:28
LH:27
BRDA:52,0,0,2
BRDA:59,1,0,2
BRDA:59,1,1,0
BRDA:61,2,0,2
BRDA:61,2,1,0
BRDA:77,3,0,2
BRDA:84,4,0,1
BRDA:84,4,1,1
BRDA:87,5,0,2
BRDA:99,6,0,2
BRDA:105,7,0,2
BRDA:120,8,0,0
BRDA:120,8,1,0
BRDA:128,9,0,0
BRDA:128,9,1,0
BRDA:132,10,0,0
BRDA:132,10,1,0
BRDA:134,11,0,0
BRDA:134,11,1,0
BRDA:151,12,0,0
BRDA:158,13,0,2
BRDA:164,14,0,2
BRDA:171,15,0,2
BRF:23
BRH:12
end_of_record
TN:
SF:app/components/AddVocabForm.js
FN:4,AddVocabForm
FN:7,onClickAdd
FN:23,(anonymous_3)
FN:30,(anonymous_4)
FNF:4
FNH:2
FNDA:4,AddVocabForm
FNDA:2,onClickAdd
FNDA:0,(anonymous_3)
FNDA:0,(anonymous_4)
DA:1,2
DA:2,2
DA:4,3
DA:5,4
DA:8,2
DA:9,1
DA:10,1
DA:13,1
DA:14,1
DA:23,0
DA:30,0
LF:11
LH:9
BRDA:8,0,0,1
BRDA:8,1,0,2
BRDA:8,1,1,1
BRDA:34,2,0,4
BRF:4
BRH:4
end_of_record
TN:
SF:app/components/SearchBar.js
FN:3,SearchBar
FN:9,(anonymous_2)
FNF:2
FNH:2
FNDA:17,SearchBar
FNDA:3,(anonymous_2)
DA:1,2
DA:3,17
DA:9,3
LF:3
LH:3
BRF:0
BRH:0
end_of_record
TN:
SF:app/components/VocabCard.js
FN:4,VocabCard
FN:24,(anonymous_2)
FN:31,(anonymous_3)
FN:38,(anonymous_4)
FN:45,(anonymous_5)
FN:49,(anonymous_6)
FN:61,(anonymous_7)
FN:67,(anonymous_8)
FN:75,(anonymous_9)
FN:78,(anonymous_10)
FNF:10
FNH:6
FNDA:14,VocabCard
FNDA:0,(anonymous_2)
FNDA:0,(anonymous_3)
FNDA:0,(anonymous_4)
FNDA:0,(anonymous_5)
FNDA:1,(anonymous_6)
FNDA:1,(anonymous_7)
FNDA:1,(anonymous_8)
FNDA:1,(anonymous_9)
FNDA:1,(anonymous_10)
DA:1,3
DA:2,3
DA:4,14
DA:24,0
DA:31,0
DA:38,0
DA:45,0
DA:49,1
DA:61,1
DA:67,1
DA:75,1
DA:78,1
LF:12
LH:8
BRDA:19,0,0,1
BRDA:72,1,0,13
BRDA:72,1,1,8
BRF:3
BRH:3
end_of_record
TN:
SF:app/components/VocabClient.js
FN:16,VocabClient
FN:31,(anonymous_3)
FN:35,(anonymous_4)
FN:38,(anonymous_5)
FN:39,(anonymous_6)
FN:46,fetchAllVocab
FN:58,playAudio
FN:70,handleAddVocab
FN:86,handleDeleteVocab
FN:95,startEditing
FN:100,handleEditChange
FN:101,(anonymous_13)
FN:104,handleEditSave
FN:124,cancelEditing
FN:133,(anonymous_16)
FN:133,(anonymous_17)
FNF:16
FNH:8
FNDA:16,VocabClient
FNDA:3,(anonymous_3)
FNDA:7,(anonymous_4)
FNDA:8,(anonymous_5)
FNDA:14,(anonymous_6)
FNDA:3,fetchAllVocab
FNDA:0,playAudio
FNDA:0,handleAddVocab
FNDA:0,handleDeleteVocab
FNDA:0,startEditing
FNDA:0,handleEditChange
FNDA:0,(anonymous_13)
FNDA:0,handleEditSave
FNDA:0,cancelEditing
FNDA:2,(anonymous_16)
FNDA:2,(anonymous_17)
DA:4,1
DA:9,1
DA:11,1
DA:12,1
DA:13,1
DA:14,1
DA:16,3
DA:17,16
DA:18,16
DA:19,16
DA:20,16
DA:21,16
DA:27,16
DA:28,16
DA:29,16
DA:31,16
DA:32,3
DA:35,16
DA:36,7
DA:37,7
DA:39,8
DA:40,14
DA:47,3
DA:48,3
DA:49,3
DA:50,3
DA:51,3
DA:53,0
DA:55,3
DA:59,0
DA:60,0
DA:61,0
DA:62,0
DA:63,0
DA:64,0
DA:66,0
DA:71,0
DA:72,0
DA:73,0
DA:78,0
DA:79,0
DA:80,0
DA:82,0
DA:87,0
DA:88,0
DA:89,0
DA:91,0
DA:96,0
DA:97,0
DA:101,0
DA:105,0
DA:106,0
DA:107,0
DA:112,0
DA:113,0
DA:114,0
DA:116,0
DA:117,0
DA:118,0
DA:120,0
DA:125,0
DA:126,0
DA:133,2
LF:63
LH:29
BRDA:40,0,0,14
BRDA:40,0,1,0
BRDA:61,1,0,0
BRDA:71,2,0,0
BRDA:71,3,0,0
BRDA:71,3,1,0
BRDA:105,4,0,0
BRDA:105,5,0,0
BRDA:105,5,1,0
BRDA:112,6,0,0
BRDA:137,7,0,1
BRDA:137,7,1,15
BRDA:140,8,0,16
BRDA:150,9,0,16
BRDA:151,10,0,16
BRDA:151,10,1,8
BRF:16
BRH:7
end_of_record
TN:
SF:app/components/VocabList.js
FN:3,VocabList
FNF:1
FNH:1
FNDA:17,VocabList
DA:1,2
DA:3,17
LF:2
LH:2
BRF:0
BRH:0
end_of_record
TN:
SF:lib/db.js
FN:14,getDB
FNF:1
FNH:0
FNDA:0,getDB
DA:3,6
DA:4,6
DA:5,6
DA:8,6
DA:14,4
DA:15,0
LF:6
LH:5
BRF:0
BRH:0
end_of_record
TN:
SF:lib/elevenlabs.js
FN:11,textToSpeech
FNF:1
FNH:1
FNDA:2,textToSpeech
DA:2,5
DA:11,3
DA:12,2
DA:14,2
DA:17,2
DA:34,2
DA:35,2
DA:36,1
DA:38,1
DA:39,1
LF:10
LH:10
BRDA:38,0,0,1
BRDA:38,0,1,1
BRDA:38,1,0,1
BRDA:38,1,1,0
BRDA:38,2,0,1
BRDA:38,2,1,1
BRF:6
BRH:5
end_of_record
TN:
SF:lib/gpt.js
FN:20,correctVocabEntry
FNF:1
FNH:1
FNDA:1,correctVocabEntry
DA:3,4
DA:4,4
DA:5,4
DA:6,4
DA:9,4
DA:12,4
DA:20,2
DA:21,1
DA:22,1
DA:23,1
DA:27,0
DA:28,0
DA:30,0
DA:31,0
DA:32,0
DA:35,0
DA:45,0
DA:48,0
DA:76,0
DA:77,0
DA:83,0
DA:86,0
DA:87,0
DA:89,0
DA:90,0
DA:91,0
DA:95,0
DA:96,0
DA:98,0
DA:100,0
DA:101,0
LF:31
LH:10
BRDA:20,0,0,0
BRDA:20,1,0,0
BRDA:21,2,0,1
BRDA:31,3,0,0
BRDA:76,4,0,0
BRDA:83,5,0,0
BRDA:86,6,0,0
BRDA:86,6,1,0
BRDA:86,7,0,0
BRDA:86,7,1,0
BRDA:86,8,0,0
BRDA:86,8,1,0
BRDA:86,9,0,0
BRDA:86,9,1,0
BRDA:87,10,0,0
BRDA:89,11,0,0
BRDA:96,12,0,0
BRDA:98,13,0,0
BRDA:98,13,1,0
BRF:19
BRH:1
end_of_record
TN:
SF:lib/useVocabSearch.js
FN:5,useVocabSearch
FN:10,(anonymous_2)
FN:11,(anonymous_3)
FN:25,(anonymous_4)
FN:30,(anonymous_5)
FN:33,(anonymous_6)
FNF:6
FNH:6
FNDA:3,useVocabSearch
FNDA:1,(anonymous_2)
FNDA:1,(anonymous_3)
FNDA:3,(anonymous_4)
FNDA:2,(anonymous_5)
FNDA:3,(anonymous_6)
DA:2,1
DA:3,1
DA:5,3
DA:6,3
DA:7,3
DA:8,3
DA:10,3
DA:11,1
DA:12,1
DA:13,1
DA:14,1
DA:15,1
DA:16,1
DA:18,0
DA:20,1
DA:22,1
DA:25,3
DA:26,3
DA:28,1
DA:30,1
DA:31,2
DA:33,3
DA:37,3
LF:23
LH:22
BRDA:16,0,0,1
BRDA:16,0,1,0
BRDA:26,1,0,2
BRF:3
BRH:2
end_of_record
TN:
SF:lib/utils.js
FN:2,removeDiacritics
FNF:1
FNH:1
FNDA:27,removeDiacritics
DA:2,26
DA:3,27
LF:2
LH:2
BRF:0
BRH:0
end_of_record
TN:
SF:lib/vocab.js
FN:8,formatDBResult
FN:13,getAllVocab
FN:30,addVocab
FN:90,editVocab
FN:119,deleteVocab
FN:126,updateFamiliarity
FN:137,getCategories
FN:140,(anonymous_14)
FNF:8
FNH:8
FNDA:3,formatDBResult
FNDA:2,getAllVocab
FNDA:2,addVocab
FNDA:1,editVocab
FNDA:1,deleteVocab
FNDA:1,updateFamiliarity
FNDA:1,getCategories
FNDA:3,(anonymous_14)
DA:3,5
DA:4,5
DA:5,5
DA:9,3
DA:13,3
DA:14,2
DA:15,2
DA:16,2
DA:18,2
DA:19,1
DA:20,1
DA:21,1
DA:24,2
DA:25,2
DA:30,3
DA:31,2
DA:33,1
DA:36,1
DA:40,1
DA:44,1
DA:45,1
DA:47,0
DA:49,0
DA:53,1
DA:59,0
DA:66,1
DA:67,1
DA:68,1
DA:70,1
DA:72,1
DA:73,0
DA:76,0
DA:81,1
DA:86,1
DA:90,2
DA:91,1
DA:93,1
DA:96,1
DA:97,1
DA:99,1
DA:102,1
DA:107,1
DA:109,1
DA:110,0
DA:112,1
DA:115,1
DA:119,2
DA:120,1
DA:121,1
DA:122,1
DA:126,2
DA:127,1
DA:128,0
DA:131,1
DA:132,1
DA:133,1
DA:137,2
DA:138,1
DA:139,1
DA:140,3
LF:60
LH:53
BRDA:9,0,0,3
BRDA:9,0,1,0
BRDA:9,1,0,3
BRDA:9,1,1,3
BRDA:9,2,0,3
BRDA:9,2,1,0
BRDA:13,3,0,0
BRDA:13,4,0,0
BRDA:18,5,0,1
BRDA:30,6,0,1
BRDA:30,7,0,1
BRDA:31,8,0,1
BRDA:31,9,0,2
BRDA:31,9,1,1
BRDA:53,10,0,0
BRDA:54,11,0,1
BRDA:54,11,1,1
BRDA:54,11,2,1
BRDA:54,11,3,1
BRDA:72,12,0,0
BRDA:72,13,0,1
BRDA:72,13,1,0
BRDA:90,14,0,0
BRDA:90,15,0,0
BRDA:91,16,0,0
BRDA:91,17,0,1
BRDA:91,17,1,1
BRDA:91,17,2,1
BRDA:97,18,0,0
BRDA:109,19,0,0
BRDA:109,19,1,1
BRDA:127,20,0,0
BRF:32
BRH:19
end_of_record
